2019-04-03 13:59:06.028022: I tensorflow/core/common_runtime/gpu/gpu_device.cc:1433] Found device 0 with properties: 
name: TITAN Xp major: 6 minor: 1 memoryClockRate(GHz): 1.582
pciBusID: 0000:01:00.0
totalMemory: 11.91GiB freeMemory: 11.75GiB
2019-04-03 13:59:06.155970: I tensorflow/core/common_runtime/gpu/gpu_device.cc:1433] Found device 1 with properties: 
name: GeForce GT 1030 major: 6 minor: 1 memoryClockRate(GHz): 1.3795
pciBusID: 0000:03:00.0
totalMemory: 1.95GiB freeMemory: 1.42GiB
2019-04-03 13:59:06.156073: I tensorflow/core/common_runtime/gpu/gpu_device.cc:1497] Ignoring visible gpu device (device: 1, name: GeForce GT 1030, pci bus id: 0000:03:00.0, compute capability: 6.1) with Cuda multiprocessor count: 3. The minimum required count is 8. You can adjust this requirement with the env var TF_MIN_GPU_MULTIPROCESSOR_COUNT.
2019-04-03 13:59:06.156086: I tensorflow/core/common_runtime/gpu/gpu_device.cc:1512] Adding visible gpu devices: 0
2019-04-03 13:59:06.537393: I tensorflow/core/common_runtime/gpu/gpu_device.cc:982] Device interconnect StreamExecutor with strength 1 edge matrix:
2019-04-03 13:59:06.537465: I tensorflow/core/common_runtime/gpu/gpu_device.cc:988]      0 1 
2019-04-03 13:59:06.537475: I tensorflow/core/common_runtime/gpu/gpu_device.cc:1001] 0:   N N 
2019-04-03 13:59:06.537483: I tensorflow/core/common_runtime/gpu/gpu_device.cc:1001] 1:   N N 
2019-04-03 13:59:06.537757: I tensorflow/core/common_runtime/gpu/gpu_device.cc:1115] Created TensorFlow device (/job:localhost/replica:0/task:0/device:GPU:0 with 11362 MB memory) -> physical GPU (device: 0, name: TITAN Xp, pci bus id: 0000:01:00.0, compute capability: 6.1)
.2019-04-03 13:59:06.681733: I tensorflow/core/common_runtime/gpu/gpu_device.cc:1497] Ignoring visible gpu device (device: 1, name: GeForce GT 1030, pci bus id: 0000:03:00.0, compute capability: 6.1) with Cuda multiprocessor count: 3. The minimum required count is 8. You can adjust this requirement with the env var TF_MIN_GPU_MULTIPROCESSOR_COUNT.
2019-04-03 13:59:06.681795: I tensorflow/core/common_runtime/gpu/gpu_device.cc:1512] Adding visible gpu devices: 0
2019-04-03 13:59:06.681827: I tensorflow/core/common_runtime/gpu/gpu_device.cc:982] Device interconnect StreamExecutor with strength 1 edge matrix:
2019-04-03 13:59:06.681837: I tensorflow/core/common_runtime/gpu/gpu_device.cc:988]      0 1 
2019-04-03 13:59:06.681847: I tensorflow/core/common_runtime/gpu/gpu_device.cc:1001] 0:   N N 
2019-04-03 13:59:06.681860: I tensorflow/core/common_runtime/gpu/gpu_device.cc:1001] 1:   N N 
2019-04-03 13:59:06.682001: I tensorflow/core/common_runtime/gpu/gpu_device.cc:1115] Created TensorFlow device (/job:localhost/replica:0/task:0/device:GPU:0 with 11362 MB memory) -> physical GPU (device: 0, name: TITAN Xp, pci bus id: 0000:01:00.0, compute capability: 6.1)
2019-04-03 13:59:06.705102: I tensorflow/core/common_runtime/gpu/gpu_device.cc:1497] Ignoring visible gpu device (device: 1, name: GeForce GT 1030, pci bus id: 0000:03:00.0, compute capability: 6.1) with Cuda multiprocessor count: 3. The minimum required count is 8. You can adjust this requirement with the env var TF_MIN_GPU_MULTIPROCESSOR_COUNT.
2019-04-03 13:59:06.705160: I tensorflow/core/common_runtime/gpu/gpu_device.cc:1512] Adding visible gpu devices: 0
2019-04-03 13:59:06.705198: I tensorflow/core/common_runtime/gpu/gpu_device.cc:982] Device interconnect StreamExecutor with strength 1 edge matrix:
2019-04-03 13:59:06.705206: I tensorflow/core/common_runtime/gpu/gpu_device.cc:988]      0 1 
2019-04-03 13:59:06.705223: I tensorflow/core/common_runtime/gpu/gpu_device.cc:1001] 0:   N N 
2019-04-03 13:59:06.705234: I tensorflow/core/common_runtime/gpu/gpu_device.cc:1001] 1:   N N 
2019-04-03 13:59:06.705364: I tensorflow/core/common_runtime/gpu/gpu_device.cc:1115] Created TensorFlow device (/job:localhost/replica:0/task:0/device:GPU:0 with 11362 MB memory) -> physical GPU (device: 0, name: TITAN Xp, pci bus id: 0000:01:00.0, compute capability: 6.1)
.2019-04-03 13:59:06.739124: I tensorflow/core/common_runtime/gpu/gpu_device.cc:1497] Ignoring visible gpu device (device: 1, name: GeForce GT 1030, pci bus id: 0000:03:00.0, compute capability: 6.1) with Cuda multiprocessor count: 3. The minimum required count is 8. You can adjust this requirement with the env var TF_MIN_GPU_MULTIPROCESSOR_COUNT.
2019-04-03 13:59:06.739179: I tensorflow/core/common_runtime/gpu/gpu_device.cc:1512] Adding visible gpu devices: 0
2019-04-03 13:59:06.739209: I tensorflow/core/common_runtime/gpu/gpu_device.cc:982] Device interconnect StreamExecutor with strength 1 edge matrix:
2019-04-03 13:59:06.739218: I tensorflow/core/common_runtime/gpu/gpu_device.cc:988]      0 1 
2019-04-03 13:59:06.739226: I tensorflow/core/common_runtime/gpu/gpu_device.cc:1001] 0:   N N 
2019-04-03 13:59:06.739233: I tensorflow/core/common_runtime/gpu/gpu_device.cc:1001] 1:   N N 
2019-04-03 13:59:06.739354: I tensorflow/core/common_runtime/gpu/gpu_device.cc:1115] Created TensorFlow device (/job:localhost/replica:0/task:0/device:GPU:0 with 11362 MB memory) -> physical GPU (device: 0, name: TITAN Xp, pci bus id: 0000:01:00.0, compute capability: 6.1)
2019-04-03 13:59:06.762135: I tensorflow/core/common_runtime/gpu/gpu_device.cc:1497] Ignoring visible gpu device (device: 1, name: GeForce GT 1030, pci bus id: 0000:03:00.0, compute capability: 6.1) with Cuda multiprocessor count: 3. The minimum required count is 8. You can adjust this requirement with the env var TF_MIN_GPU_MULTIPROCESSOR_COUNT.
2019-04-03 13:59:06.762185: I tensorflow/core/common_runtime/gpu/gpu_device.cc:1512] Adding visible gpu devices: 0
2019-04-03 13:59:06.762211: I tensorflow/core/common_runtime/gpu/gpu_device.cc:982] Device interconnect StreamExecutor with strength 1 edge matrix:
2019-04-03 13:59:06.762220: I tensorflow/core/common_runtime/gpu/gpu_device.cc:988]      0 1 
2019-04-03 13:59:06.762230: I tensorflow/core/common_runtime/gpu/gpu_device.cc:1001] 0:   N N 
2019-04-03 13:59:06.762237: I tensorflow/core/common_runtime/gpu/gpu_device.cc:1001] 1:   N N 
2019-04-03 13:59:06.762357: I tensorflow/core/common_runtime/gpu/gpu_device.cc:1115] Created TensorFlow device (/job:localhost/replica:0/task:0/device:GPU:0 with 11362 MB memory) -> physical GPU (device: 0, name: TITAN Xp, pci bus id: 0000:01:00.0, compute capability: 6.1)
2019-04-03 13:59:06.789426: I tensorflow/core/common_runtime/gpu/gpu_device.cc:1497] Ignoring visible gpu device (device: 1, name: GeForce GT 1030, pci bus id: 0000:03:00.0, compute capability: 6.1) with Cuda multiprocessor count: 3. The minimum required count is 8. You can adjust this requirement with the env var TF_MIN_GPU_MULTIPROCESSOR_COUNT.
2019-04-03 13:59:06.789471: I tensorflow/core/common_runtime/gpu/gpu_device.cc:1512] Adding visible gpu devices: 0
2019-04-03 13:59:06.789499: I tensorflow/core/common_runtime/gpu/gpu_device.cc:982] Device interconnect StreamExecutor with strength 1 edge matrix:
2019-04-03 13:59:06.789508: I tensorflow/core/common_runtime/gpu/gpu_device.cc:988]      0 1 
2019-04-03 13:59:06.789517: I tensorflow/core/common_runtime/gpu/gpu_device.cc:1001] 0:   N N 
2019-04-03 13:59:06.789524: I tensorflow/core/common_runtime/gpu/gpu_device.cc:1001] 1:   N N 
2019-04-03 13:59:06.789650: I tensorflow/core/common_runtime/gpu/gpu_device.cc:1115] Created TensorFlow device (/job:localhost/replica:0/task:0/device:GPU:0 with 11362 MB memory) -> physical GPU (device: 0, name: TITAN Xp, pci bus id: 0000:01:00.0, compute capability: 6.1)
2019-04-03 13:59:06.815575: I tensorflow/core/common_runtime/gpu/gpu_device.cc:1497] Ignoring visible gpu device (device: 1, name: GeForce GT 1030, pci bus id: 0000:03:00.0, compute capability: 6.1) with Cuda multiprocessor count: 3. The minimum required count is 8. You can adjust this requirement with the env var TF_MIN_GPU_MULTIPROCESSOR_COUNT.
2019-04-03 13:59:06.815630: I tensorflow/core/common_runtime/gpu/gpu_device.cc:1512] Adding visible gpu devices: 0
2019-04-03 13:59:06.815662: I tensorflow/core/common_runtime/gpu/gpu_device.cc:982] Device interconnect StreamExecutor with strength 1 edge matrix:
2019-04-03 13:59:06.815673: I tensorflow/core/common_runtime/gpu/gpu_device.cc:988]      0 1 
2019-04-03 13:59:06.815692: I tensorflow/core/common_runtime/gpu/gpu_device.cc:1001] 0:   N N 
2019-04-03 13:59:06.815701: I tensorflow/core/common_runtime/gpu/gpu_device.cc:1001] 1:   N N 
2019-04-03 13:59:06.815851: I tensorflow/core/common_runtime/gpu/gpu_device.cc:1115] Created TensorFlow device (/job:localhost/replica:0/task:0/device:GPU:0 with 11362 MB memory) -> physical GPU (device: 0, name: TITAN Xp, pci bus id: 0000:01:00.0, compute capability: 6.1)
2019-04-03 13:59:06.831920: I tensorflow/core/common_runtime/gpu/gpu_device.cc:1497] Ignoring visible gpu device (device: 1, name: GeForce GT 1030, pci bus id: 0000:03:00.0, compute capability: 6.1) with Cuda multiprocessor count: 3. The minimum required count is 8. You can adjust this requirement with the env var TF_MIN_GPU_MULTIPROCESSOR_COUNT.
2019-04-03 13:59:06.831993: I tensorflow/core/common_runtime/gpu/gpu_device.cc:1512] Adding visible gpu devices: 0
2019-04-03 13:59:06.832032: I tensorflow/core/common_runtime/gpu/gpu_device.cc:982] Device interconnect StreamExecutor with strength 1 edge matrix:
2019-04-03 13:59:06.832043: I tensorflow/core/common_runtime/gpu/gpu_device.cc:988]      0 1 
2019-04-03 13:59:06.832053: I tensorflow/core/common_runtime/gpu/gpu_device.cc:1001] 0:   N N 
2019-04-03 13:59:06.832064: I tensorflow/core/common_runtime/gpu/gpu_device.cc:1001] 1:   N N 
2019-04-03 13:59:06.832210: I tensorflow/core/common_runtime/gpu/gpu_device.cc:1115] Created TensorFlow device (/job:localhost/replica:0/task:0/device:GPU:0 with 11362 MB memory) -> physical GPU (device: 0, name: TITAN Xp, pci bus id: 0000:01:00.0, compute capability: 6.1)
.2019-04-03 13:59:06.841468: I tensorflow/core/common_runtime/gpu/gpu_device.cc:1497] Ignoring visible gpu device (device: 1, name: GeForce GT 1030, pci bus id: 0000:03:00.0, compute capability: 6.1) with Cuda multiprocessor count: 3. The minimum required count is 8. You can adjust this requirement with the env var TF_MIN_GPU_MULTIPROCESSOR_COUNT.
2019-04-03 13:59:06.841495: I tensorflow/core/common_runtime/gpu/gpu_device.cc:1512] Adding visible gpu devices: 0
2019-04-03 13:59:06.841517: I tensorflow/core/common_runtime/gpu/gpu_device.cc:982] Device interconnect StreamExecutor with strength 1 edge matrix:
2019-04-03 13:59:06.841526: I tensorflow/core/common_runtime/gpu/gpu_device.cc:988]      0 1 
2019-04-03 13:59:06.841534: I tensorflow/core/common_runtime/gpu/gpu_device.cc:1001] 0:   N N 
2019-04-03 13:59:06.841542: I tensorflow/core/common_runtime/gpu/gpu_device.cc:1001] 1:   N N 
2019-04-03 13:59:06.841658: I tensorflow/core/common_runtime/gpu/gpu_device.cc:1115] Created TensorFlow device (/job:localhost/replica:0/task:0/device:GPU:0 with 11362 MB memory) -> physical GPU (device: 0, name: TITAN Xp, pci bus id: 0000:01:00.0, compute capability: 6.1)
.2019-04-03 13:59:07.000518: I tensorflow/core/common_runtime/gpu/gpu_device.cc:1497] Ignoring visible gpu device (device: 1, name: GeForce GT 1030, pci bus id: 0000:03:00.0, compute capability: 6.1) with Cuda multiprocessor count: 3. The minimum required count is 8. You can adjust this requirement with the env var TF_MIN_GPU_MULTIPROCESSOR_COUNT.
2019-04-03 13:59:07.000565: I tensorflow/core/common_runtime/gpu/gpu_device.cc:1512] Adding visible gpu devices: 0
2019-04-03 13:59:07.000595: I tensorflow/core/common_runtime/gpu/gpu_device.cc:982] Device interconnect StreamExecutor with strength 1 edge matrix:
2019-04-03 13:59:07.000604: I tensorflow/core/common_runtime/gpu/gpu_device.cc:988]      0 1 
2019-04-03 13:59:07.000612: I tensorflow/core/common_runtime/gpu/gpu_device.cc:1001] 0:   N N 
2019-04-03 13:59:07.000620: I tensorflow/core/common_runtime/gpu/gpu_device.cc:1001] 1:   N N 
2019-04-03 13:59:07.000745: I tensorflow/core/common_runtime/gpu/gpu_device.cc:1115] Created TensorFlow device (/job:localhost/replica:0/task:0/device:GPU:0 with 11362 MB memory) -> physical GPU (device: 0, name: TITAN Xp, pci bus id: 0000:01:00.0, compute capability: 6.1)
2019-04-03 13:59:14.369915: I tensorflow/core/common_runtime/gpu/gpu_device.cc:1497] Ignoring visible gpu device (device: 1, name: GeForce GT 1030, pci bus id: 0000:03:00.0, compute capability: 6.1) with Cuda multiprocessor count: 3. The minimum required count is 8. You can adjust this requirement with the env var TF_MIN_GPU_MULTIPROCESSOR_COUNT.
2019-04-03 13:59:14.369984: I tensorflow/core/common_runtime/gpu/gpu_device.cc:1512] Adding visible gpu devices: 0
2019-04-03 13:59:14.370017: I tensorflow/core/common_runtime/gpu/gpu_device.cc:982] Device interconnect StreamExecutor with strength 1 edge matrix:
2019-04-03 13:59:14.370026: I tensorflow/core/common_runtime/gpu/gpu_device.cc:988]      0 1 
2019-04-03 13:59:14.370035: I tensorflow/core/common_runtime/gpu/gpu_device.cc:1001] 0:   N N 
2019-04-03 13:59:14.370042: I tensorflow/core/common_runtime/gpu/gpu_device.cc:1001] 1:   N N 
2019-04-03 13:59:14.370171: I tensorflow/core/common_runtime/gpu/gpu_device.cc:1115] Created TensorFlow device (/job:localhost/replica:0/task:0/device:GPU:0 with 11362 MB memory) -> physical GPU (device: 0, name: TITAN Xp, pci bus id: 0000:01:00.0, compute capability: 6.1)
2019-04-03 13:59:14.506050: I tensorflow/core/common_runtime/gpu/gpu_device.cc:1497] Ignoring visible gpu device (device: 1, name: GeForce GT 1030, pci bus id: 0000:03:00.0, compute capability: 6.1) with Cuda multiprocessor count: 3. The minimum required count is 8. You can adjust this requirement with the env var TF_MIN_GPU_MULTIPROCESSOR_COUNT.
2019-04-03 13:59:14.506116: I tensorflow/core/common_runtime/gpu/gpu_device.cc:1512] Adding visible gpu devices: 0
2019-04-03 13:59:14.506150: I tensorflow/core/common_runtime/gpu/gpu_device.cc:982] Device interconnect StreamExecutor with strength 1 edge matrix:
2019-04-03 13:59:14.506160: I tensorflow/core/common_runtime/gpu/gpu_device.cc:988]      0 1 
2019-04-03 13:59:14.506169: I tensorflow/core/common_runtime/gpu/gpu_device.cc:1001] 0:   N N 
2019-04-03 13:59:14.506177: I tensorflow/core/common_runtime/gpu/gpu_device.cc:1001] 1:   N N 
2019-04-03 13:59:14.506328: I tensorflow/core/common_runtime/gpu/gpu_device.cc:1115] Created TensorFlow device (/job:localhost/replica:0/task:0/device:GPU:0 with 11362 MB memory) -> physical GPU (device: 0, name: TITAN Xp, pci bus id: 0000:01:00.0, compute capability: 6.1)
.2019-04-03 13:59:14.602977: I tensorflow/core/common_runtime/gpu/gpu_device.cc:1497] Ignoring visible gpu device (device: 1, name: GeForce GT 1030, pci bus id: 0000:03:00.0, compute capability: 6.1) with Cuda multiprocessor count: 3. The minimum required count is 8. You can adjust this requirement with the env var TF_MIN_GPU_MULTIPROCESSOR_COUNT.
2019-04-03 13:59:14.603022: I tensorflow/core/common_runtime/gpu/gpu_device.cc:1512] Adding visible gpu devices: 0
2019-04-03 13:59:14.603053: I tensorflow/core/common_runtime/gpu/gpu_device.cc:982] Device interconnect StreamExecutor with strength 1 edge matrix:
2019-04-03 13:59:14.603062: I tensorflow/core/common_runtime/gpu/gpu_device.cc:988]      0 1 
2019-04-03 13:59:14.603071: I tensorflow/core/common_runtime/gpu/gpu_device.cc:1001] 0:   N N 
2019-04-03 13:59:14.603079: I tensorflow/core/common_runtime/gpu/gpu_device.cc:1001] 1:   N N 
2019-04-03 13:59:14.603241: I tensorflow/core/common_runtime/gpu/gpu_device.cc:1115] Created TensorFlow device (/job:localhost/replica:0/task:0/device:GPU:0 with 11362 MB memory) -> physical GPU (device: 0, name: TITAN Xp, pci bus id: 0000:01:00.0, compute capability: 6.1)
2019-04-03 13:59:16.149725: I tensorflow/core/common_runtime/gpu/gpu_device.cc:1497] Ignoring visible gpu device (device: 1, name: GeForce GT 1030, pci bus id: 0000:03:00.0, compute capability: 6.1) with Cuda multiprocessor count: 3. The minimum required count is 8. You can adjust this requirement with the env var TF_MIN_GPU_MULTIPROCESSOR_COUNT.
2019-04-03 13:59:16.149787: I tensorflow/core/common_runtime/gpu/gpu_device.cc:1512] Adding visible gpu devices: 0
2019-04-03 13:59:16.149817: I tensorflow/core/common_runtime/gpu/gpu_device.cc:982] Device interconnect StreamExecutor with strength 1 edge matrix:
2019-04-03 13:59:16.149828: I tensorflow/core/common_runtime/gpu/gpu_device.cc:988]      0 1 
2019-04-03 13:59:16.149852: I tensorflow/core/common_runtime/gpu/gpu_device.cc:1001] 0:   N N 
2019-04-03 13:59:16.149860: I tensorflow/core/common_runtime/gpu/gpu_device.cc:1001] 1:   N N 
2019-04-03 13:59:16.149998: I tensorflow/core/common_runtime/gpu/gpu_device.cc:1115] Created TensorFlow device (/job:localhost/replica:0/task:0/device:GPU:0 with 11362 MB memory) -> physical GPU (device: 0, name: TITAN Xp, pci bus id: 0000:01:00.0, compute capability: 6.1)
2019-04-03 13:59:16.299077: I tensorflow/core/common_runtime/gpu/gpu_device.cc:1497] Ignoring visible gpu device (device: 1, name: GeForce GT 1030, pci bus id: 0000:03:00.0, compute capability: 6.1) with Cuda multiprocessor count: 3. The minimum required count is 8. You can adjust this requirement with the env var TF_MIN_GPU_MULTIPROCESSOR_COUNT.
2019-04-03 13:59:16.299167: I tensorflow/core/common_runtime/gpu/gpu_device.cc:1512] Adding visible gpu devices: 0
2019-04-03 13:59:16.299220: I tensorflow/core/common_runtime/gpu/gpu_device.cc:982] Device interconnect StreamExecutor with strength 1 edge matrix:
2019-04-03 13:59:16.299239: I tensorflow/core/common_runtime/gpu/gpu_device.cc:988]      0 1 
2019-04-03 13:59:16.299256: I tensorflow/core/common_runtime/gpu/gpu_device.cc:1001] 0:   N N 
2019-04-03 13:59:16.299271: I tensorflow/core/common_runtime/gpu/gpu_device.cc:1001] 1:   N N 
2019-04-03 13:59:16.299492: I tensorflow/core/common_runtime/gpu/gpu_device.cc:1115] Created TensorFlow device (/job:localhost/replica:0/task:0/device:GPU:0 with 11362 MB memory) -> physical GPU (device: 0, name: TITAN Xp, pci bus id: 0000:01:00.0, compute capability: 6.1)
.2019-04-03 13:59:16.395938: I tensorflow/core/common_runtime/gpu/gpu_device.cc:1497] Ignoring visible gpu device (device: 1, name: GeForce GT 1030, pci bus id: 0000:03:00.0, compute capability: 6.1) with Cuda multiprocessor count: 3. The minimum required count is 8. You can adjust this requirement with the env var TF_MIN_GPU_MULTIPROCESSOR_COUNT.
2019-04-03 13:59:16.395989: I tensorflow/core/common_runtime/gpu/gpu_device.cc:1512] Adding visible gpu devices: 0
2019-04-03 13:59:16.396027: I tensorflow/core/common_runtime/gpu/gpu_device.cc:982] Device interconnect StreamExecutor with strength 1 edge matrix:
2019-04-03 13:59:16.396036: I tensorflow/core/common_runtime/gpu/gpu_device.cc:988]      0 1 
2019-04-03 13:59:16.396046: I tensorflow/core/common_runtime/gpu/gpu_device.cc:1001] 0:   N N 
2019-04-03 13:59:16.396053: I tensorflow/core/common_runtime/gpu/gpu_device.cc:1001] 1:   N N 
2019-04-03 13:59:16.396196: I tensorflow/core/common_runtime/gpu/gpu_device.cc:1115] Created TensorFlow device (/job:localhost/replica:0/task:0/device:GPU:0 with 11362 MB memory) -> physical GPU (device: 0, name: TITAN Xp, pci bus id: 0000:01:00.0, compute capability: 6.1)
2019-04-03 13:59:18.115148: I tensorflow/core/common_runtime/gpu/gpu_device.cc:1497] Ignoring visible gpu device (device: 1, name: GeForce GT 1030, pci bus id: 0000:03:00.0, compute capability: 6.1) with Cuda multiprocessor count: 3. The minimum required count is 8. You can adjust this requirement with the env var TF_MIN_GPU_MULTIPROCESSOR_COUNT.
2019-04-03 13:59:18.115207: I tensorflow/core/common_runtime/gpu/gpu_device.cc:1512] Adding visible gpu devices: 0
2019-04-03 13:59:18.115235: I tensorflow/core/common_runtime/gpu/gpu_device.cc:982] Device interconnect StreamExecutor with strength 1 edge matrix:
2019-04-03 13:59:18.115244: I tensorflow/core/common_runtime/gpu/gpu_device.cc:988]      0 1 
2019-04-03 13:59:18.115252: I tensorflow/core/common_runtime/gpu/gpu_device.cc:1001] 0:   N N 
2019-04-03 13:59:18.115260: I tensorflow/core/common_runtime/gpu/gpu_device.cc:1001] 1:   N N 
2019-04-03 13:59:18.115385: I tensorflow/core/common_runtime/gpu/gpu_device.cc:1115] Created TensorFlow device (/job:localhost/replica:0/task:0/device:GPU:0 with 11362 MB memory) -> physical GPU (device: 0, name: TITAN Xp, pci bus id: 0000:01:00.0, compute capability: 6.1)
2019-04-03 13:59:18.260373: I tensorflow/core/common_runtime/gpu/gpu_device.cc:1497] Ignoring visible gpu device (device: 1, name: GeForce GT 1030, pci bus id: 0000:03:00.0, compute capability: 6.1) with Cuda multiprocessor count: 3. The minimum required count is 8. You can adjust this requirement with the env var TF_MIN_GPU_MULTIPROCESSOR_COUNT.
2019-04-03 13:59:18.260450: I tensorflow/core/common_runtime/gpu/gpu_device.cc:1512] Adding visible gpu devices: 0
2019-04-03 13:59:18.260488: I tensorflow/core/common_runtime/gpu/gpu_device.cc:982] Device interconnect StreamExecutor with strength 1 edge matrix:
2019-04-03 13:59:18.260497: I tensorflow/core/common_runtime/gpu/gpu_device.cc:988]      0 1 
2019-04-03 13:59:18.260506: I tensorflow/core/common_runtime/gpu/gpu_device.cc:1001] 0:   N N 
2019-04-03 13:59:18.260513: I tensorflow/core/common_runtime/gpu/gpu_device.cc:1001] 1:   N N 
2019-04-03 13:59:18.260668: I tensorflow/core/common_runtime/gpu/gpu_device.cc:1115] Created TensorFlow device (/job:localhost/replica:0/task:0/device:GPU:0 with 11362 MB memory) -> physical GPU (device: 0, name: TITAN Xp, pci bus id: 0000:01:00.0, compute capability: 6.1)
.2019-04-03 13:59:18.400980: I tensorflow/core/common_runtime/gpu/gpu_device.cc:1497] Ignoring visible gpu device (device: 1, name: GeForce GT 1030, pci bus id: 0000:03:00.0, compute capability: 6.1) with Cuda multiprocessor count: 3. The minimum required count is 8. You can adjust this requirement with the env var TF_MIN_GPU_MULTIPROCESSOR_COUNT.
2019-04-03 13:59:18.401027: I tensorflow/core/common_runtime/gpu/gpu_device.cc:1512] Adding visible gpu devices: 0
2019-04-03 13:59:18.401058: I tensorflow/core/common_runtime/gpu/gpu_device.cc:982] Device interconnect StreamExecutor with strength 1 edge matrix:
2019-04-03 13:59:18.401068: I tensorflow/core/common_runtime/gpu/gpu_device.cc:988]      0 1 
2019-04-03 13:59:18.401077: I tensorflow/core/common_runtime/gpu/gpu_device.cc:1001] 0:   N N 
2019-04-03 13:59:18.401085: I tensorflow/core/common_runtime/gpu/gpu_device.cc:1001] 1:   N N 
2019-04-03 13:59:18.401249: I tensorflow/core/common_runtime/gpu/gpu_device.cc:1115] Created TensorFlow device (/job:localhost/replica:0/task:0/device:GPU:0 with 11362 MB memory) -> physical GPU (device: 0, name: TITAN Xp, pci bus id: 0000:01:00.0, compute capability: 6.1)
2019-04-03 13:59:37.104018: I tensorflow/core/common_runtime/gpu/gpu_device.cc:1497] Ignoring visible gpu device (device: 1, name: GeForce GT 1030, pci bus id: 0000:03:00.0, compute capability: 6.1) with Cuda multiprocessor count: 3. The minimum required count is 8. You can adjust this requirement with the env var TF_MIN_GPU_MULTIPROCESSOR_COUNT.
2019-04-03 13:59:37.104077: I tensorflow/core/common_runtime/gpu/gpu_device.cc:1512] Adding visible gpu devices: 0
2019-04-03 13:59:37.104117: I tensorflow/core/common_runtime/gpu/gpu_device.cc:982] Device interconnect StreamExecutor with strength 1 edge matrix:
2019-04-03 13:59:37.104126: I tensorflow/core/common_runtime/gpu/gpu_device.cc:988]      0 1 
2019-04-03 13:59:37.104134: I tensorflow/core/common_runtime/gpu/gpu_device.cc:1001] 0:   N N 
2019-04-03 13:59:37.104142: I tensorflow/core/common_runtime/gpu/gpu_device.cc:1001] 1:   N N 
2019-04-03 13:59:37.104264: I tensorflow/core/common_runtime/gpu/gpu_device.cc:1115] Created TensorFlow device (/job:localhost/replica:0/task:0/device:GPU:0 with 11362 MB memory) -> physical GPU (device: 0, name: TITAN Xp, pci bus id: 0000:01:00.0, compute capability: 6.1)
2019-04-03 13:59:37.358567: I tensorflow/core/common_runtime/gpu/gpu_device.cc:1497] Ignoring visible gpu device (device: 1, name: GeForce GT 1030, pci bus id: 0000:03:00.0, compute capability: 6.1) with Cuda multiprocessor count: 3. The minimum required count is 8. You can adjust this requirement with the env var TF_MIN_GPU_MULTIPROCESSOR_COUNT.
2019-04-03 13:59:37.358632: I tensorflow/core/common_runtime/gpu/gpu_device.cc:1512] Adding visible gpu devices: 0
2019-04-03 13:59:37.358660: I tensorflow/core/common_runtime/gpu/gpu_device.cc:982] Device interconnect StreamExecutor with strength 1 edge matrix:
2019-04-03 13:59:37.358669: I tensorflow/core/common_runtime/gpu/gpu_device.cc:988]      0 1 
2019-04-03 13:59:37.358688: I tensorflow/core/common_runtime/gpu/gpu_device.cc:1001] 0:   N N 
2019-04-03 13:59:37.358698: I tensorflow/core/common_runtime/gpu/gpu_device.cc:1001] 1:   N N 
2019-04-03 13:59:37.358824: I tensorflow/core/common_runtime/gpu/gpu_device.cc:1115] Created TensorFlow device (/job:localhost/replica:0/task:0/device:GPU:0 with 11362 MB memory) -> physical GPU (device: 0, name: TITAN Xp, pci bus id: 0000:01:00.0, compute capability: 6.1)
.2019-04-03 13:59:37.550951: I tensorflow/core/common_runtime/gpu/gpu_device.cc:1497] Ignoring visible gpu device (device: 1, name: GeForce GT 1030, pci bus id: 0000:03:00.0, compute capability: 6.1) with Cuda multiprocessor count: 3. The minimum required count is 8. You can adjust this requirement with the env var TF_MIN_GPU_MULTIPROCESSOR_COUNT.
2019-04-03 13:59:37.551003: I tensorflow/core/common_runtime/gpu/gpu_device.cc:1512] Adding visible gpu devices: 0
2019-04-03 13:59:37.551033: I tensorflow/core/common_runtime/gpu/gpu_device.cc:982] Device interconnect StreamExecutor with strength 1 edge matrix:
2019-04-03 13:59:37.551041: I tensorflow/core/common_runtime/gpu/gpu_device.cc:988]      0 1 
2019-04-03 13:59:37.551051: I tensorflow/core/common_runtime/gpu/gpu_device.cc:1001] 0:   N N 
2019-04-03 13:59:37.551058: I tensorflow/core/common_runtime/gpu/gpu_device.cc:1001] 1:   N N 
2019-04-03 13:59:37.551195: I tensorflow/core/common_runtime/gpu/gpu_device.cc:1115] Created TensorFlow device (/job:localhost/replica:0/task:0/device:GPU:0 with 11362 MB memory) -> physical GPU (device: 0, name: TITAN Xp, pci bus id: 0000:01:00.0, compute capability: 6.1)
E2019-04-03 13:59:37.582026: I tensorflow/core/common_runtime/gpu/gpu_device.cc:1497] Ignoring visible gpu device (device: 1, name: GeForce GT 1030, pci bus id: 0000:03:00.0, compute capability: 6.1) with Cuda multiprocessor count: 3. The minimum required count is 8. You can adjust this requirement with the env var TF_MIN_GPU_MULTIPROCESSOR_COUNT.
2019-04-03 13:59:37.582059: I tensorflow/core/common_runtime/gpu/gpu_device.cc:1512] Adding visible gpu devices: 0
2019-04-03 13:59:37.582089: I tensorflow/core/common_runtime/gpu/gpu_device.cc:982] Device interconnect StreamExecutor with strength 1 edge matrix:
2019-04-03 13:59:37.582098: I tensorflow/core/common_runtime/gpu/gpu_device.cc:988]      0 1 
2019-04-03 13:59:37.582107: I tensorflow/core/common_runtime/gpu/gpu_device.cc:1001] 0:   N N 
2019-04-03 13:59:37.582114: I tensorflow/core/common_runtime/gpu/gpu_device.cc:1001] 1:   N N 
2019-04-03 13:59:37.582244: I tensorflow/core/common_runtime/gpu/gpu_device.cc:1115] Created TensorFlow device (/job:localhost/replica:0/task:0/device:GPU:0 with 11362 MB memory) -> physical GPU (device: 0, name: TITAN Xp, pci bus id: 0000:01:00.0, compute capability: 6.1)
2019-04-03 13:59:38.619288: I tensorflow/core/common_runtime/gpu/gpu_device.cc:1497] Ignoring visible gpu device (device: 1, name: GeForce GT 1030, pci bus id: 0000:03:00.0, compute capability: 6.1) with Cuda multiprocessor count: 3. The minimum required count is 8. You can adjust this requirement with the env var TF_MIN_GPU_MULTIPROCESSOR_COUNT.
2019-04-03 13:59:38.619361: I tensorflow/core/common_runtime/gpu/gpu_device.cc:1512] Adding visible gpu devices: 0
2019-04-03 13:59:38.619404: I tensorflow/core/common_runtime/gpu/gpu_device.cc:982] Device interconnect StreamExecutor with strength 1 edge matrix:
2019-04-03 13:59:38.619417: I tensorflow/core/common_runtime/gpu/gpu_device.cc:988]      0 1 
2019-04-03 13:59:38.619428: I tensorflow/core/common_runtime/gpu/gpu_device.cc:1001] 0:   N N 
2019-04-03 13:59:38.619438: I tensorflow/core/common_runtime/gpu/gpu_device.cc:1001] 1:   N N 
2019-04-03 13:59:38.619614: I tensorflow/core/common_runtime/gpu/gpu_device.cc:1115] Created TensorFlow device (/job:localhost/replica:0/task:0/device:GPU:0 with 11362 MB memory) -> physical GPU (device: 0, name: TITAN Xp, pci bus id: 0000:01:00.0, compute capability: 6.1)
2019-04-03 13:59:38.899747: I tensorflow/core/common_runtime/gpu/gpu_device.cc:1497] Ignoring visible gpu device (device: 1, name: GeForce GT 1030, pci bus id: 0000:03:00.0, compute capability: 6.1) with Cuda multiprocessor count: 3. The minimum required count is 8. You can adjust this requirement with the env var TF_MIN_GPU_MULTIPROCESSOR_COUNT.
2019-04-03 13:59:38.899823: I tensorflow/core/common_runtime/gpu/gpu_device.cc:1512] Adding visible gpu devices: 0
2019-04-03 13:59:38.899855: I tensorflow/core/common_runtime/gpu/gpu_device.cc:982] Device interconnect StreamExecutor with strength 1 edge matrix:
2019-04-03 13:59:38.899865: I tensorflow/core/common_runtime/gpu/gpu_device.cc:988]      0 1 
2019-04-03 13:59:38.899873: I tensorflow/core/common_runtime/gpu/gpu_device.cc:1001] 0:   N N 
2019-04-03 13:59:38.899881: I tensorflow/core/common_runtime/gpu/gpu_device.cc:1001] 1:   N N 
2019-04-03 13:59:38.900019: I tensorflow/core/common_runtime/gpu/gpu_device.cc:1115] Created TensorFlow device (/job:localhost/replica:0/task:0/device:GPU:0 with 11362 MB memory) -> physical GPU (device: 0, name: TITAN Xp, pci bus id: 0000:01:00.0, compute capability: 6.1)
2019-04-03 13:59:39.092940: I tensorflow/core/common_runtime/gpu/gpu_device.cc:1497] Ignoring visible gpu device (device: 1, name: GeForce GT 1030, pci bus id: 0000:03:00.0, compute capability: 6.1) with Cuda multiprocessor count: 3. The minimum required count is 8. You can adjust this requirement with the env var TF_MIN_GPU_MULTIPROCESSOR_COUNT.
2019-04-03 13:59:39.092996: I tensorflow/core/common_runtime/gpu/gpu_device.cc:1512] Adding visible gpu devices: 0
2019-04-03 13:59:39.093031: I tensorflow/core/common_runtime/gpu/gpu_device.cc:982] Device interconnect StreamExecutor with strength 1 edge matrix:
2019-04-03 13:59:39.093043: I tensorflow/core/common_runtime/gpu/gpu_device.cc:988]      0 1 
2019-04-03 13:59:39.093054: I tensorflow/core/common_runtime/gpu/gpu_device.cc:1001] 0:   N N 
2019-04-03 13:59:39.093063: I tensorflow/core/common_runtime/gpu/gpu_device.cc:1001] 1:   N N 
2019-04-03 13:59:39.093231: I tensorflow/core/common_runtime/gpu/gpu_device.cc:1115] Created TensorFlow device (/job:localhost/replica:0/task:0/device:GPU:0 with 11362 MB memory) -> physical GPU (device: 0, name: TITAN Xp, pci bus id: 0000:01:00.0, compute capability: 6.1)
.2019-04-03 13:59:39.364199: I tensorflow/core/common_runtime/gpu/gpu_device.cc:1497] Ignoring visible gpu device (device: 1, name: GeForce GT 1030, pci bus id: 0000:03:00.0, compute capability: 6.1) with Cuda multiprocessor count: 3. The minimum required count is 8. You can adjust this requirement with the env var TF_MIN_GPU_MULTIPROCESSOR_COUNT.
2019-04-03 13:59:39.364248: I tensorflow/core/common_runtime/gpu/gpu_device.cc:1512] Adding visible gpu devices: 0
2019-04-03 13:59:39.364282: I tensorflow/core/common_runtime/gpu/gpu_device.cc:982] Device interconnect StreamExecutor with strength 1 edge matrix:
2019-04-03 13:59:39.364294: I tensorflow/core/common_runtime/gpu/gpu_device.cc:988]      0 1 
2019-04-03 13:59:39.364305: I tensorflow/core/common_runtime/gpu/gpu_device.cc:1001] 0:   N N 
2019-04-03 13:59:39.364314: I tensorflow/core/common_runtime/gpu/gpu_device.cc:1001] 1:   N N 
2019-04-03 13:59:39.364468: I tensorflow/core/common_runtime/gpu/gpu_device.cc:1115] Created TensorFlow device (/job:localhost/replica:0/task:0/device:GPU:0 with 11362 MB memory) -> physical GPU (device: 0, name: TITAN Xp, pci bus id: 0000:01:00.0, compute capability: 6.1)
2019-04-03 13:59:39.610465: I tensorflow/core/common_runtime/gpu/gpu_device.cc:1497] Ignoring visible gpu device (device: 1, name: GeForce GT 1030, pci bus id: 0000:03:00.0, compute capability: 6.1) with Cuda multiprocessor count: 3. The minimum required count is 8. You can adjust this requirement with the env var TF_MIN_GPU_MULTIPROCESSOR_COUNT.
2019-04-03 13:59:39.610523: I tensorflow/core/common_runtime/gpu/gpu_device.cc:1512] Adding visible gpu devices: 0
2019-04-03 13:59:39.610558: I tensorflow/core/common_runtime/gpu/gpu_device.cc:982] Device interconnect StreamExecutor with strength 1 edge matrix:
2019-04-03 13:59:39.610568: I tensorflow/core/common_runtime/gpu/gpu_device.cc:988]      0 1 
2019-04-03 13:59:39.610589: I tensorflow/core/common_runtime/gpu/gpu_device.cc:1001] 0:   N N 
2019-04-03 13:59:39.610599: I tensorflow/core/common_runtime/gpu/gpu_device.cc:1001] 1:   N N 
2019-04-03 13:59:39.610764: I tensorflow/core/common_runtime/gpu/gpu_device.cc:1115] Created TensorFlow device (/job:localhost/replica:0/task:0/device:GPU:0 with 11362 MB memory) -> physical GPU (device: 0, name: TITAN Xp, pci bus id: 0000:01:00.0, compute capability: 6.1)
2019-04-03 13:59:39.799485: I tensorflow/core/common_runtime/gpu/gpu_device.cc:1497] Ignoring visible gpu device (device: 1, name: GeForce GT 1030, pci bus id: 0000:03:00.0, compute capability: 6.1) with Cuda multiprocessor count: 3. The minimum required count is 8. You can adjust this requirement with the env var TF_MIN_GPU_MULTIPROCESSOR_COUNT.
2019-04-03 13:59:39.799542: I tensorflow/core/common_runtime/gpu/gpu_device.cc:1512] Adding visible gpu devices: 0
2019-04-03 13:59:39.799577: I tensorflow/core/common_runtime/gpu/gpu_device.cc:982] Device interconnect StreamExecutor with strength 1 edge matrix:
2019-04-03 13:59:39.799588: I tensorflow/core/common_runtime/gpu/gpu_device.cc:988]      0 1 
2019-04-03 13:59:39.799598: I tensorflow/core/common_runtime/gpu/gpu_device.cc:1001] 0:   N N 
2019-04-03 13:59:39.799608: I tensorflow/core/common_runtime/gpu/gpu_device.cc:1001] 1:   N N 
2019-04-03 13:59:39.799762: I tensorflow/core/common_runtime/gpu/gpu_device.cc:1115] Created TensorFlow device (/job:localhost/replica:0/task:0/device:GPU:0 with 11362 MB memory) -> physical GPU (device: 0, name: TITAN Xp, pci bus id: 0000:01:00.0, compute capability: 6.1)
.2019-04-03 13:59:39.994618: I tensorflow/core/common_runtime/gpu/gpu_device.cc:1497] Ignoring visible gpu device (device: 1, name: GeForce GT 1030, pci bus id: 0000:03:00.0, compute capability: 6.1) with Cuda multiprocessor count: 3. The minimum required count is 8. You can adjust this requirement with the env var TF_MIN_GPU_MULTIPROCESSOR_COUNT.
2019-04-03 13:59:39.994691: I tensorflow/core/common_runtime/gpu/gpu_device.cc:1512] Adding visible gpu devices: 0
2019-04-03 13:59:39.994733: I tensorflow/core/common_runtime/gpu/gpu_device.cc:982] Device interconnect StreamExecutor with strength 1 edge matrix:
2019-04-03 13:59:39.994743: I tensorflow/core/common_runtime/gpu/gpu_device.cc:988]      0 1 
2019-04-03 13:59:39.994752: I tensorflow/core/common_runtime/gpu/gpu_device.cc:1001] 0:   N N 
2019-04-03 13:59:39.994761: I tensorflow/core/common_runtime/gpu/gpu_device.cc:1001] 1:   N N 
2019-04-03 13:59:39.994906: I tensorflow/core/common_runtime/gpu/gpu_device.cc:1115] Created TensorFlow device (/job:localhost/replica:0/task:0/device:GPU:0 with 11362 MB memory) -> physical GPU (device: 0, name: TITAN Xp, pci bus id: 0000:01:00.0, compute capability: 6.1)
.2019-04-03 13:59:40.177162: I tensorflow/core/common_runtime/gpu/gpu_device.cc:1497] Ignoring visible gpu device (device: 1, name: GeForce GT 1030, pci bus id: 0000:03:00.0, compute capability: 6.1) with Cuda multiprocessor count: 3. The minimum required count is 8. You can adjust this requirement with the env var TF_MIN_GPU_MULTIPROCESSOR_COUNT.
2019-04-03 13:59:40.177210: I tensorflow/core/common_runtime/gpu/gpu_device.cc:1512] Adding visible gpu devices: 0
2019-04-03 13:59:40.177241: I tensorflow/core/common_runtime/gpu/gpu_device.cc:982] Device interconnect StreamExecutor with strength 1 edge matrix:
2019-04-03 13:59:40.177250: I tensorflow/core/common_runtime/gpu/gpu_device.cc:988]      0 1 
2019-04-03 13:59:40.177259: I tensorflow/core/common_runtime/gpu/gpu_device.cc:1001] 0:   N N 
2019-04-03 13:59:40.177267: I tensorflow/core/common_runtime/gpu/gpu_device.cc:1001] 1:   N N 
2019-04-03 13:59:40.177440: I tensorflow/core/common_runtime/gpu/gpu_device.cc:1115] Created TensorFlow device (/job:localhost/replica:0/task:0/device:GPU:0 with 11362 MB memory) -> physical GPU (device: 0, name: TITAN Xp, pci bus id: 0000:01:00.0, compute capability: 6.1)
2019-04-03 13:59:41.278732: I tensorflow/core/common_runtime/gpu/gpu_device.cc:1497] Ignoring visible gpu device (device: 1, name: GeForce GT 1030, pci bus id: 0000:03:00.0, compute capability: 6.1) with Cuda multiprocessor count: 3. The minimum required count is 8. You can adjust this requirement with the env var TF_MIN_GPU_MULTIPROCESSOR_COUNT.
2019-04-03 13:59:41.278803: I tensorflow/core/common_runtime/gpu/gpu_device.cc:1512] Adding visible gpu devices: 0
2019-04-03 13:59:41.278829: I tensorflow/core/common_runtime/gpu/gpu_device.cc:982] Device interconnect StreamExecutor with strength 1 edge matrix:
2019-04-03 13:59:41.278838: I tensorflow/core/common_runtime/gpu/gpu_device.cc:988]      0 1 
2019-04-03 13:59:41.278846: I tensorflow/core/common_runtime/gpu/gpu_device.cc:1001] 0:   N N 
2019-04-03 13:59:41.278854: I tensorflow/core/common_runtime/gpu/gpu_device.cc:1001] 1:   N N 
2019-04-03 13:59:41.278994: I tensorflow/core/common_runtime/gpu/gpu_device.cc:1115] Created TensorFlow device (/job:localhost/replica:0/task:0/device:GPU:0 with 11362 MB memory) -> physical GPU (device: 0, name: TITAN Xp, pci bus id: 0000:01:00.0, compute capability: 6.1)
2019-04-03 13:59:41.529435: I tensorflow/core/common_runtime/gpu/gpu_device.cc:1497] Ignoring visible gpu device (device: 1, name: GeForce GT 1030, pci bus id: 0000:03:00.0, compute capability: 6.1) with Cuda multiprocessor count: 3. The minimum required count is 8. You can adjust this requirement with the env var TF_MIN_GPU_MULTIPROCESSOR_COUNT.
2019-04-03 13:59:41.529495: I tensorflow/core/common_runtime/gpu/gpu_device.cc:1512] Adding visible gpu devices: 0
2019-04-03 13:59:41.529524: I tensorflow/core/common_runtime/gpu/gpu_device.cc:982] Device interconnect StreamExecutor with strength 1 edge matrix:
2019-04-03 13:59:41.529532: I tensorflow/core/common_runtime/gpu/gpu_device.cc:988]      0 1 
2019-04-03 13:59:41.529541: I tensorflow/core/common_runtime/gpu/gpu_device.cc:1001] 0:   N N 
2019-04-03 13:59:41.529549: I tensorflow/core/common_runtime/gpu/gpu_device.cc:1001] 1:   N N 
2019-04-03 13:59:41.529674: I tensorflow/core/common_runtime/gpu/gpu_device.cc:1115] Created TensorFlow device (/job:localhost/replica:0/task:0/device:GPU:0 with 11362 MB memory) -> physical GPU (device: 0, name: TITAN Xp, pci bus id: 0000:01:00.0, compute capability: 6.1)
2019-04-03 13:59:41.765928: I tensorflow/core/common_runtime/gpu/gpu_device.cc:1497] Ignoring visible gpu device (device: 1, name: GeForce GT 1030, pci bus id: 0000:03:00.0, compute capability: 6.1) with Cuda multiprocessor count: 3. The minimum required count is 8. You can adjust this requirement with the env var TF_MIN_GPU_MULTIPROCESSOR_COUNT.
2019-04-03 13:59:41.765988: I tensorflow/core/common_runtime/gpu/gpu_device.cc:1512] Adding visible gpu devices: 0
2019-04-03 13:59:41.766016: I tensorflow/core/common_runtime/gpu/gpu_device.cc:982] Device interconnect StreamExecutor with strength 1 edge matrix:
2019-04-03 13:59:41.766024: I tensorflow/core/common_runtime/gpu/gpu_device.cc:988]      0 1 
2019-04-03 13:59:41.766033: I tensorflow/core/common_runtime/gpu/gpu_device.cc:1001] 0:   N N 
2019-04-03 13:59:41.766040: I tensorflow/core/common_runtime/gpu/gpu_device.cc:1001] 1:   N N 
2019-04-03 13:59:41.766165: I tensorflow/core/common_runtime/gpu/gpu_device.cc:1115] Created TensorFlow device (/job:localhost/replica:0/task:0/device:GPU:0 with 11362 MB memory) -> physical GPU (device: 0, name: TITAN Xp, pci bus id: 0000:01:00.0, compute capability: 6.1)
.2019-04-03 13:59:42.024626: I tensorflow/core/common_runtime/gpu/gpu_device.cc:1497] Ignoring visible gpu device (device: 1, name: GeForce GT 1030, pci bus id: 0000:03:00.0, compute capability: 6.1) with Cuda multiprocessor count: 3. The minimum required count is 8. You can adjust this requirement with the env var TF_MIN_GPU_MULTIPROCESSOR_COUNT.
2019-04-03 13:59:42.024676: I tensorflow/core/common_runtime/gpu/gpu_device.cc:1512] Adding visible gpu devices: 0
2019-04-03 13:59:42.024706: I tensorflow/core/common_runtime/gpu/gpu_device.cc:982] Device interconnect StreamExecutor with strength 1 edge matrix:
2019-04-03 13:59:42.024718: I tensorflow/core/common_runtime/gpu/gpu_device.cc:988]      0 1 
2019-04-03 13:59:42.024735: I tensorflow/core/common_runtime/gpu/gpu_device.cc:1001] 0:   N N 
2019-04-03 13:59:42.024743: I tensorflow/core/common_runtime/gpu/gpu_device.cc:1001] 1:   N N 
2019-04-03 13:59:42.024890: I tensorflow/core/common_runtime/gpu/gpu_device.cc:1115] Created TensorFlow device (/job:localhost/replica:0/task:0/device:GPU:0 with 11362 MB memory) -> physical GPU (device: 0, name: TITAN Xp, pci bus id: 0000:01:00.0, compute capability: 6.1)
2019-04-03 13:59:43.029805: I tensorflow/core/common_runtime/gpu/gpu_device.cc:1497] Ignoring visible gpu device (device: 1, name: GeForce GT 1030, pci bus id: 0000:03:00.0, compute capability: 6.1) with Cuda multiprocessor count: 3. The minimum required count is 8. You can adjust this requirement with the env var TF_MIN_GPU_MULTIPROCESSOR_COUNT.
2019-04-03 13:59:43.029864: I tensorflow/core/common_runtime/gpu/gpu_device.cc:1512] Adding visible gpu devices: 0
2019-04-03 13:59:43.029891: I tensorflow/core/common_runtime/gpu/gpu_device.cc:982] Device interconnect StreamExecutor with strength 1 edge matrix:
2019-04-03 13:59:43.029900: I tensorflow/core/common_runtime/gpu/gpu_device.cc:988]      0 1 
2019-04-03 13:59:43.029908: I tensorflow/core/common_runtime/gpu/gpu_device.cc:1001] 0:   N N 
2019-04-03 13:59:43.029916: I tensorflow/core/common_runtime/gpu/gpu_device.cc:1001] 1:   N N 
2019-04-03 13:59:43.030067: I tensorflow/core/common_runtime/gpu/gpu_device.cc:1115] Created TensorFlow device (/job:localhost/replica:0/task:0/device:GPU:0 with 11362 MB memory) -> physical GPU (device: 0, name: TITAN Xp, pci bus id: 0000:01:00.0, compute capability: 6.1)
2019-04-03 13:59:43.291316: I tensorflow/core/common_runtime/gpu/gpu_device.cc:1497] Ignoring visible gpu device (device: 1, name: GeForce GT 1030, pci bus id: 0000:03:00.0, compute capability: 6.1) with Cuda multiprocessor count: 3. The minimum required count is 8. You can adjust this requirement with the env var TF_MIN_GPU_MULTIPROCESSOR_COUNT.
2019-04-03 13:59:43.291387: I tensorflow/core/common_runtime/gpu/gpu_device.cc:1512] Adding visible gpu devices: 0
2019-04-03 13:59:43.291416: I tensorflow/core/common_runtime/gpu/gpu_device.cc:982] Device interconnect StreamExecutor with strength 1 edge matrix:
2019-04-03 13:59:43.291426: I tensorflow/core/common_runtime/gpu/gpu_device.cc:988]      0 1 
2019-04-03 13:59:43.291434: I tensorflow/core/common_runtime/gpu/gpu_device.cc:1001] 0:   N N 
2019-04-03 13:59:43.291443: I tensorflow/core/common_runtime/gpu/gpu_device.cc:1001] 1:   N N 
2019-04-03 13:59:43.291579: I tensorflow/core/common_runtime/gpu/gpu_device.cc:1115] Created TensorFlow device (/job:localhost/replica:0/task:0/device:GPU:0 with 11362 MB memory) -> physical GPU (device: 0, name: TITAN Xp, pci bus id: 0000:01:00.0, compute capability: 6.1)
2019-04-03 13:59:43.512508: I tensorflow/core/common_runtime/gpu/gpu_device.cc:1497] Ignoring visible gpu device (device: 1, name: GeForce GT 1030, pci bus id: 0000:03:00.0, compute capability: 6.1) with Cuda multiprocessor count: 3. The minimum required count is 8. You can adjust this requirement with the env var TF_MIN_GPU_MULTIPROCESSOR_COUNT.
2019-04-03 13:59:43.512572: I tensorflow/core/common_runtime/gpu/gpu_device.cc:1512] Adding visible gpu devices: 0
2019-04-03 13:59:43.512600: I tensorflow/core/common_runtime/gpu/gpu_device.cc:982] Device interconnect StreamExecutor with strength 1 edge matrix:
2019-04-03 13:59:43.512610: I tensorflow/core/common_runtime/gpu/gpu_device.cc:988]      0 1 
2019-04-03 13:59:43.512618: I tensorflow/core/common_runtime/gpu/gpu_device.cc:1001] 0:   N N 
2019-04-03 13:59:43.512627: I tensorflow/core/common_runtime/gpu/gpu_device.cc:1001] 1:   N N 
2019-04-03 13:59:43.512756: I tensorflow/core/common_runtime/gpu/gpu_device.cc:1115] Created TensorFlow device (/job:localhost/replica:0/task:0/device:GPU:0 with 11362 MB memory) -> physical GPU (device: 0, name: TITAN Xp, pci bus id: 0000:01:00.0, compute capability: 6.1)
.EE
======================================================================
ERROR: test_opt_fit_with_force_points (__main__.TestEverything)
----------------------------------------------------------------------
Traceback (most recent call last):
  File "/usr/lib/python3.6/site-packages/tensorflow/python/framework/ops.py", line 1710, in _create_c_op
    c_op = c_api.TF_FinishOperation(op_desc)
tensorflow.python.framework.errors_impl.InvalidArgumentError: Shape must be at least rank 2 but is rank 1 for 'concat_246' (op: 'ConcatV2') with input shapes: [1], [1], [1], [1], [] and with computed input tensors: input[4] = <1>.

During handling of the above exception, another exception occurred:

Traceback (most recent call last):
  File "/usr/lib64/python3.6/site-packages/scipy/optimize/_differentialevolution.py", line 775, in _calculate_population_energies
    parameters_pop[0:nfevs]))
  File "/usr/lib64/python3.6/site-packages/scipy/optimize/_differentialevolution.py", line 1012, in __call__
    return self.f(x, *self.args)
  File "/usr/lib/python3.6/site-packages/pwlf/pwlftf.py", line 665, in fit_force_points_opt
    C = tf.concat(C_list, axis=1)
  File "/usr/lib/python3.6/site-packages/tensorflow/python/ops/array_ops.py", line 1184, in concat
    return gen_array_ops.concat_v2(values=values, axis=axis, name=name)
  File "/usr/lib/python3.6/site-packages/tensorflow/python/ops/gen_array_ops.py", line 1090, in concat_v2
    "ConcatV2", values=values, axis=axis, name=name)
  File "/usr/lib/python3.6/site-packages/tensorflow/python/framework/op_def_library.py", line 788, in _apply_op_helper
    op_def=op_def)
  File "/usr/lib/python3.6/site-packages/tensorflow/python/util/deprecation.py", line 512, in new_func
    return func(*args, **kwargs)
  File "/usr/lib/python3.6/site-packages/tensorflow/python/framework/ops.py", line 3358, in create_op
    op_def=op_def)
  File "/usr/lib/python3.6/site-packages/tensorflow/python/framework/ops.py", line 1874, in __init__
    control_input_ops)
  File "/usr/lib/python3.6/site-packages/tensorflow/python/framework/ops.py", line 1713, in _create_c_op
    raise ValueError(str(e))
ValueError: Shape must be at least rank 2 but is rank 1 for 'concat_246' (op: 'ConcatV2') with input shapes: [1], [1], [1], [1], [] and with computed input tensors: input[4] = <1>.

During handling of the above exception, another exception occurred:

Traceback (most recent call last):
  File "teststf.py", line 136, in test_opt_fit_with_force_points
    res = my_fit.fit(3, x_c, y_c)
  File "/usr/lib/python3.6/site-packages/pwlf/pwlftf.py", line 854, in fit
    atol=1e-4)
  File "/usr/lib64/python3.6/site-packages/scipy/optimize/_differentialevolution.py", line 272, in differential_evolution
    ret = solver.solve()
  File "/usr/lib64/python3.6/site-packages/scipy/optimize/_differentialevolution.py", line 674, in solve
    self.population)
  File "/usr/lib64/python3.6/site-packages/scipy/optimize/_differentialevolution.py", line 780, in _calculate_population_energies
    raise RuntimeError("The map-like callable must be of the"
RuntimeError: The map-like callable must be of the form f(func, iterable), returning a sequence of numbers the same length as 'iterable'

======================================================================
ERROR: test_single_force_break_point1 (__main__.TestEverything)
----------------------------------------------------------------------
Traceback (most recent call last):
  File "/usr/lib/python3.6/site-packages/tensorflow/python/framework/ops.py", line 1710, in _create_c_op
    c_op = c_api.TF_FinishOperation(op_desc)
tensorflow.python.framework.errors_impl.InvalidArgumentError: Dimensions must be equal, but are 2 and 1 for 'MatMul_534' (op: 'MatMul') with input shapes: [4,2], [1,1].

During handling of the above exception, another exception occurred:

Traceback (most recent call last):
  File "teststf.py", line 116, in test_single_force_break_point1
    ssr = my_fit.fit_with_breaks_force_points([0.2], x_c, y_c)
  File "/usr/lib/python3.6/site-packages/pwlf/pwlftf.py", line 441, in fit_with_breaks_force_points
    y_hat = tf.matmul(A, beta[0:self.n_parameters])
  File "/usr/lib/python3.6/site-packages/tensorflow/python/ops/math_ops.py", line 2211, in matmul
    a, b, transpose_a=transpose_a, transpose_b=transpose_b, name=name)
  File "/usr/lib/python3.6/site-packages/tensorflow/python/ops/gen_math_ops.py", line 4763, in mat_mul
    name=name)
  File "/usr/lib/python3.6/site-packages/tensorflow/python/framework/op_def_library.py", line 788, in _apply_op_helper
    op_def=op_def)
  File "/usr/lib/python3.6/site-packages/tensorflow/python/util/deprecation.py", line 512, in new_func
    return func(*args, **kwargs)
  File "/usr/lib/python3.6/site-packages/tensorflow/python/framework/ops.py", line 3358, in create_op
    op_def=op_def)
  File "/usr/lib/python3.6/site-packages/tensorflow/python/framework/ops.py", line 1874, in __init__
    control_input_ops)
  File "/usr/lib/python3.6/site-packages/tensorflow/python/framework/ops.py", line 1713, in _create_c_op
    raise ValueError(str(e))
ValueError: Dimensions must be equal, but are 2 and 1 for 'MatMul_534' (op: 'MatMul') with input shapes: [4,2], [1,1].

======================================================================
ERROR: test_single_force_break_point2 (__main__.TestEverything)
----------------------------------------------------------------------
Traceback (most recent call last):
  File "/usr/lib/python3.6/site-packages/tensorflow/python/framework/ops.py", line 1710, in _create_c_op
    c_op = c_api.TF_FinishOperation(op_desc)
tensorflow.python.framework.errors_impl.InvalidArgumentError: Dimensions must be equal, but are 2 and 1 for 'MatMul_538' (op: 'MatMul') with input shapes: [4,2], [1,1].

During handling of the above exception, another exception occurred:

Traceback (most recent call last):
  File "teststf.py", line 124, in test_single_force_break_point2
    ssr = my_fit.fit_with_breaks_force_points([0.2], x_c, y_c)
  File "/usr/lib/python3.6/site-packages/pwlf/pwlftf.py", line 441, in fit_with_breaks_force_points
    y_hat = tf.matmul(A, beta[0:self.n_parameters])
  File "/usr/lib/python3.6/site-packages/tensorflow/python/ops/math_ops.py", line 2211, in matmul
    a, b, transpose_a=transpose_a, transpose_b=transpose_b, name=name)
  File "/usr/lib/python3.6/site-packages/tensorflow/python/ops/gen_math_ops.py", line 4763, in mat_mul
    name=name)
  File "/usr/lib/python3.6/site-packages/tensorflow/python/framework/op_def_library.py", line 788, in _apply_op_helper
    op_def=op_def)
  File "/usr/lib/python3.6/site-packages/tensorflow/python/util/deprecation.py", line 512, in new_func
    return func(*args, **kwargs)
  File "/usr/lib/python3.6/site-packages/tensorflow/python/framework/ops.py", line 3358, in create_op
    op_def=op_def)
  File "/usr/lib/python3.6/site-packages/tensorflow/python/framework/ops.py", line 1874, in __init__
    control_input_ops)
  File "/usr/lib/python3.6/site-packages/tensorflow/python/framework/ops.py", line 1713, in _create_c_op
    raise ValueError(str(e))
ValueError: Dimensions must be equal, but are 2 and 1 for 'MatMul_538' (op: 'MatMul') with input shapes: [4,2], [1,1].

----------------------------------------------------------------------
Ran 16 tests in 38.053s

FAILED (errors=3)
